<?xml version="1.0" encoding="UTF-8"?>
<testng-results ignored="0" total="4" passed="4" failed="0" skipped="0">
  <reporter-output>
  </reporter-output>
  <suite started-at="2024-03-25T17:30:48 CET" name="Default Suite" finished-at="2024-03-25T17:30:48 CET" duration-ms="166">
    <groups>
    </groups>
    <test started-at="2024-03-25T17:30:48 CET" name="TestNGCurrent" finished-at="2024-03-25T17:30:48 CET" duration-ms="166">
      <class name="day04._04_DataProvider_Multidimensional">
        <test-method signature="userTest(java.lang.String,java.lang.String)[pri:0, instance:day04._04_DataProvider_Multidimensional@76f2bbc1]" started-at="2024-03-25T17:30:48 CET" name="userTest" data-provider="getUserData" finished-at="2024-03-25T17:30:48 CET" duration-ms="6" status="PASS">
          <params>
            <param index="0">
              <value>
                <![CDATA[Kerem]]>
              </value>
            </param>
            <param index="1">
              <value>
                <![CDATA[122334]]>
              </value>
            </param>
          </params>
          <reporter-output>
          </reporter-output>
        </test-method> <!-- userTest -->
        <test-method signature="userTest(java.lang.String,java.lang.String)[pri:0, instance:day04._04_DataProvider_Multidimensional@76f2bbc1]" started-at="2024-03-25T17:30:48 CET" name="userTest" data-provider="getUserData" finished-at="2024-03-25T17:30:48 CET" duration-ms="2" status="PASS">
          <params>
            <param index="0">
              <value>
                <![CDATA[Said]]>
              </value>
            </param>
            <param index="1">
              <value>
                <![CDATA[said5]]>
              </value>
            </param>
          </params>
          <reporter-output>
          </reporter-output>
        </test-method> <!-- userTest -->
        <test-method signature="userTest(java.lang.String,java.lang.String)[pri:0, instance:day04._04_DataProvider_Multidimensional@76f2bbc1]" started-at="2024-03-25T17:30:48 CET" name="userTest" data-provider="getUserData" finished-at="2024-03-25T17:30:48 CET" duration-ms="1" status="PASS">
          <params>
            <param index="0">
              <value>
                <![CDATA[Zeynep]]>
              </value>
            </param>
            <param index="1">
              <value>
                <![CDATA[zeynep111]]>
              </value>
            </param>
          </params>
          <reporter-output>
          </reporter-output>
        </test-method> <!-- userTest -->
        <test-method signature="userTest(java.lang.String,java.lang.String)[pri:0, instance:day04._04_DataProvider_Multidimensional@76f2bbc1]" started-at="2024-03-25T17:30:48 CET" name="userTest" data-provider="getUserData" finished-at="2024-03-25T17:30:48 CET" duration-ms="1" status="PASS">
          <params>
            <param index="0">
              <value>
                <![CDATA[Salih]]>
              </value>
            </param>
            <param index="1">
              <value>
                <![CDATA[salih500]]>
              </value>
            </param>
          </params>
          <reporter-output>
          </reporter-output>
        </test-method> <!-- userTest -->
      </class> <!-- day04._04_DataProvider_Multidimensional -->
    </test> <!-- TestNGCurrent -->
  </suite> <!-- Default Suite -->
</testng-results>
